{"/Users/mixu/Documents/Ohjelmointi/Javascript/fullstack-osa4/index.js": {"path":"/Users/mixu/Documents/Ohjelmointi/Javascript/fullstack-osa4/index.js","statementMap":{"0":{"start":{"line":1,"column":13},"end":{"line":1,"column":28}},"1":{"start":{"line":2,"column":16},"end":{"line":2,"column":34}},"2":{"start":{"line":3,"column":12},"end":{"line":3,"column":21}},"3":{"start":{"line":4,"column":19},"end":{"line":4,"column":41}},"4":{"start":{"line":5,"column":13},"end":{"line":5,"column":28}},"5":{"start":{"line":6,"column":17},"end":{"line":6,"column":36}},"6":{"start":{"line":7,"column":13},"end":{"line":7,"column":37}},"7":{"start":{"line":8,"column":15},"end":{"line":8,"column":40}},"8":{"start":{"line":9,"column":19},"end":{"line":9,"column":48}},"9":{"start":{"line":11,"column":0},"end":{"line":11,"column":16}},"10":{"start":{"line":12,"column":0},"end":{"line":12,"column":27}},"11":{"start":{"line":14,"column":17},"end":{"line":14,"column":47}},"12":{"start":{"line":16,"column":0},"end":{"line":16,"column":34}},"13":{"start":{"line":17,"column":0},"end":{"line":17,"column":34}},"14":{"start":{"line":19,"column":0},"end":{"line":19,"column":20}},"15":{"start":{"line":21,"column":20},"end":{"line":21,"column":50}},"16":{"start":{"line":22,"column":0},"end":{"line":22,"column":35}},"17":{"start":{"line":24,"column":20},"end":{"line":24,"column":50}},"18":{"start":{"line":25,"column":0},"end":{"line":25,"column":35}},"19":{"start":{"line":27,"column":20},"end":{"line":27,"column":50}},"20":{"start":{"line":28,"column":0},"end":{"line":28,"column":35}},"21":{"start":{"line":30,"column":13},"end":{"line":30,"column":24}},"22":{"start":{"line":31,"column":15},"end":{"line":31,"column":37}},"23":{"start":{"line":33,"column":0},"end":{"line":35,"column":3}},"24":{"start":{"line":34,"column":2},"end":{"line":34,"column":48}},"25":{"start":{"line":37,"column":0},"end":{"line":39,"column":3}},"26":{"start":{"line":38,"column":2},"end":{"line":38,"column":30}},"27":{"start":{"line":41,"column":0},"end":{"line":44,"column":2}}},"fnMap":{"0":{"name":"(anonymous_0)","decl":{"start":{"line":33,"column":20},"end":{"line":33,"column":21}},"loc":{"start":{"line":33,"column":26},"end":{"line":35,"column":1}},"line":33},"1":{"name":"(anonymous_1)","decl":{"start":{"line":37,"column":19},"end":{"line":37,"column":20}},"loc":{"start":{"line":37,"column":25},"end":{"line":39,"column":1}},"line":37}},"branchMap":{},"s":{"0":1,"1":1,"2":1,"3":1,"4":1,"5":1,"6":1,"7":1,"8":1,"9":1,"10":1,"11":1,"12":1,"13":1,"14":1,"15":1,"16":1,"17":1,"18":1,"19":1,"20":1,"21":1,"22":1,"23":1,"24":1,"25":1,"26":1,"27":1},"f":{"0":1,"1":1},"b":{},"_coverageSchema":"332fd63041d2c1bcb487cc26dd0d5f7d97098a6c","hash":"0286a0ec05ebb655bbb56442a1650c6d0b507024"}
,"/Users/mixu/Documents/Ohjelmointi/Javascript/fullstack-osa4/controllers/blogs.js": {"path":"/Users/mixu/Documents/Ohjelmointi/Javascript/fullstack-osa4/controllers/blogs.js","statementMap":{"0":{"start":{"line":1,"column":20},"end":{"line":1,"column":47}},"1":{"start":{"line":2,"column":13},"end":{"line":2,"column":38}},"2":{"start":{"line":3,"column":13},"end":{"line":3,"column":38}},"3":{"start":{"line":4,"column":12},"end":{"line":4,"column":35}},"4":{"start":{"line":6,"column":19},"end":{"line":16,"column":1}},"5":{"start":{"line":7,"column":2},"end":{"line":15,"column":4}},"6":{"start":{"line":18,"column":0},"end":{"line":25,"column":3}},"7":{"start":{"line":19,"column":16},"end":{"line":23,"column":4}},"8":{"start":{"line":24,"column":2},"end":{"line":24,"column":39}},"9":{"start":{"line":27,"column":0},"end":{"line":39,"column":3}},"10":{"start":{"line":28,"column":2},"end":{"line":38,"column":3}},"11":{"start":{"line":29,"column":17},"end":{"line":29,"column":51}},"12":{"start":{"line":30,"column":4},"end":{"line":34,"column":5}},"13":{"start":{"line":31,"column":6},"end":{"line":31,"column":33}},"14":{"start":{"line":33,"column":6},"end":{"line":33,"column":28}},"15":{"start":{"line":36,"column":4},"end":{"line":36,"column":27}},"16":{"start":{"line":37,"column":4},"end":{"line":37,"column":53}},"17":{"start":{"line":41,"column":0},"end":{"line":79,"column":3}},"18":{"start":{"line":42,"column":15},"end":{"line":42,"column":27}},"19":{"start":{"line":43,"column":2},"end":{"line":78,"column":3}},"20":{"start":{"line":44,"column":25},"end":{"line":44,"column":70}},"21":{"start":{"line":46,"column":4},"end":{"line":48,"column":5}},"22":{"start":{"line":47,"column":6},"end":{"line":47,"column":76}},"23":{"start":{"line":50,"column":4},"end":{"line":52,"column":5}},"24":{"start":{"line":51,"column":6},"end":{"line":51,"column":67}},"25":{"start":{"line":54,"column":17},"end":{"line":54,"column":53}},"26":{"start":{"line":56,"column":17},"end":{"line":63,"column":6}},"27":{"start":{"line":65,"column":22},"end":{"line":65,"column":39}},"28":{"start":{"line":67,"column":4},"end":{"line":67,"column":50}},"29":{"start":{"line":68,"column":4},"end":{"line":68,"column":22}},"30":{"start":{"line":70,"column":4},"end":{"line":70,"column":53}},"31":{"start":{"line":72,"column":4},"end":{"line":77,"column":5}},"32":{"start":{"line":73,"column":6},"end":{"line":73,"column":60}},"33":{"start":{"line":75,"column":6},"end":{"line":75,"column":29}},"34":{"start":{"line":76,"column":6},"end":{"line":76,"column":65}},"35":{"start":{"line":81,"column":0},"end":{"line":107,"column":3}},"36":{"start":{"line":82,"column":2},"end":{"line":106,"column":3}},"37":{"start":{"line":83,"column":17},"end":{"line":83,"column":29}},"38":{"start":{"line":85,"column":17},"end":{"line":92,"column":5}},"39":{"start":{"line":94,"column":24},"end":{"line":100,"column":6}},"40":{"start":{"line":102,"column":4},"end":{"line":102,"column":43}},"41":{"start":{"line":104,"column":4},"end":{"line":104,"column":27}},"42":{"start":{"line":105,"column":4},"end":{"line":105,"column":58}},"43":{"start":{"line":109,"column":0},"end":{"line":133,"column":3}},"44":{"start":{"line":110,"column":2},"end":{"line":132,"column":3}},"45":{"start":{"line":111,"column":28},"end":{"line":111,"column":66}},"46":{"start":{"line":113,"column":4},"end":{"line":116,"column":5}},"47":{"start":{"line":114,"column":6},"end":{"line":114,"column":54}},"48":{"start":{"line":115,"column":6},"end":{"line":115,"column":40}},"49":{"start":{"line":118,"column":31},"end":{"line":118,"column":62}},"50":{"start":{"line":119,"column":25},"end":{"line":119,"column":70}},"51":{"start":{"line":121,"column":4},"end":{"line":125,"column":5}},"52":{"start":{"line":122,"column":6},"end":{"line":124,"column":56}},"53":{"start":{"line":127,"column":4},"end":{"line":127,"column":52}},"54":{"start":{"line":128,"column":4},"end":{"line":128,"column":31}},"55":{"start":{"line":130,"column":4},"end":{"line":130,"column":27}},"56":{"start":{"line":131,"column":4},"end":{"line":131,"column":58}},"57":{"start":{"line":135,"column":0},"end":{"line":160,"column":3}},"58":{"start":{"line":136,"column":2},"end":{"line":159,"column":3}},"59":{"start":{"line":137,"column":17},"end":{"line":137,"column":29}},"60":{"start":{"line":139,"column":17},"end":{"line":145,"column":5}},"61":{"start":{"line":147,"column":24},"end":{"line":153,"column":6}},"62":{"start":{"line":155,"column":4},"end":{"line":155,"column":43}},"63":{"start":{"line":157,"column":4},"end":{"line":157,"column":27}},"64":{"start":{"line":158,"column":4},"end":{"line":158,"column":58}},"65":{"start":{"line":162,"column":0},"end":{"line":162,"column":29}}},"fnMap":{"0":{"name":"(anonymous_0)","decl":{"start":{"line":6,"column":19},"end":{"line":6,"column":20}},"loc":{"start":{"line":6,"column":29},"end":{"line":16,"column":1}},"line":6},"1":{"name":"(anonymous_1)","decl":{"start":{"line":18,"column":21},"end":{"line":18,"column":22}},"loc":{"start":{"line":18,"column":50},"end":{"line":25,"column":1}},"line":18},"2":{"name":"(anonymous_2)","decl":{"start":{"line":27,"column":24},"end":{"line":27,"column":25}},"loc":{"start":{"line":27,"column":44},"end":{"line":39,"column":1}},"line":27},"3":{"name":"(anonymous_3)","decl":{"start":{"line":41,"column":22},"end":{"line":41,"column":23}},"loc":{"start":{"line":41,"column":51},"end":{"line":79,"column":1}},"line":41},"4":{"name":"(anonymous_4)","decl":{"start":{"line":81,"column":33},"end":{"line":81,"column":34}},"loc":{"start":{"line":81,"column":62},"end":{"line":107,"column":1}},"line":81},"5":{"name":"(anonymous_5)","decl":{"start":{"line":109,"column":27},"end":{"line":109,"column":28}},"loc":{"start":{"line":109,"column":56},"end":{"line":133,"column":1}},"line":109},"6":{"name":"(anonymous_6)","decl":{"start":{"line":135,"column":24},"end":{"line":135,"column":25}},"loc":{"start":{"line":135,"column":53},"end":{"line":160,"column":1}},"line":135}},"branchMap":{"0":{"loc":{"start":{"line":30,"column":4},"end":{"line":34,"column":5}},"type":"if","locations":[{"start":{"line":30,"column":4},"end":{"line":34,"column":5}},{"start":{"line":30,"column":4},"end":{"line":34,"column":5}}],"line":30},"1":{"loc":{"start":{"line":46,"column":4},"end":{"line":48,"column":5}},"type":"if","locations":[{"start":{"line":46,"column":4},"end":{"line":48,"column":5}},{"start":{"line":46,"column":4},"end":{"line":48,"column":5}}],"line":46},"2":{"loc":{"start":{"line":46,"column":8},"end":{"line":46,"column":42}},"type":"binary-expr","locations":[{"start":{"line":46,"column":8},"end":{"line":46,"column":22}},{"start":{"line":46,"column":26},"end":{"line":46,"column":42}}],"line":46},"3":{"loc":{"start":{"line":50,"column":4},"end":{"line":52,"column":5}},"type":"if","locations":[{"start":{"line":50,"column":4},"end":{"line":52,"column":5}},{"start":{"line":50,"column":4},"end":{"line":52,"column":5}}],"line":50},"4":{"loc":{"start":{"line":50,"column":8},"end":{"line":50,"column":58}},"type":"binary-expr","locations":[{"start":{"line":50,"column":8},"end":{"line":50,"column":32}},{"start":{"line":50,"column":36},"end":{"line":50,"column":58}}],"line":50},"5":{"loc":{"start":{"line":61,"column":13},"end":{"line":61,"column":28}},"type":"binary-expr","locations":[{"start":{"line":61,"column":13},"end":{"line":61,"column":23}},{"start":{"line":61,"column":27},"end":{"line":61,"column":28}}],"line":61},"6":{"loc":{"start":{"line":72,"column":4},"end":{"line":77,"column":5}},"type":"if","locations":[{"start":{"line":72,"column":4},"end":{"line":77,"column":5}},{"start":{"line":72,"column":4},"end":{"line":77,"column":5}}],"line":72},"7":{"loc":{"start":{"line":90,"column":13},"end":{"line":90,"column":28}},"type":"binary-expr","locations":[{"start":{"line":90,"column":13},"end":{"line":90,"column":23}},{"start":{"line":90,"column":27},"end":{"line":90,"column":28}}],"line":90},"8":{"loc":{"start":{"line":113,"column":4},"end":{"line":116,"column":5}},"type":"if","locations":[{"start":{"line":113,"column":4},"end":{"line":116,"column":5}},{"start":{"line":113,"column":4},"end":{"line":116,"column":5}}],"line":113},"9":{"loc":{"start":{"line":121,"column":4},"end":{"line":125,"column":5}},"type":"if","locations":[{"start":{"line":121,"column":4},"end":{"line":125,"column":5}},{"start":{"line":121,"column":4},"end":{"line":125,"column":5}}],"line":121},"10":{"loc":{"start":{"line":121,"column":8},"end":{"line":121,"column":64}},"type":"binary-expr","locations":[{"start":{"line":121,"column":8},"end":{"line":121,"column":22}},{"start":{"line":121,"column":26},"end":{"line":121,"column":64}}],"line":121},"11":{"loc":{"start":{"line":144,"column":13},"end":{"line":144,"column":28}},"type":"binary-expr","locations":[{"start":{"line":144,"column":13},"end":{"line":144,"column":23}},{"start":{"line":144,"column":27},"end":{"line":144,"column":28}}],"line":144}},"s":{"0":1,"1":1,"2":1,"3":1,"4":1,"5":4,"6":1,"7":2,"8":2,"9":1,"10":2,"11":2,"12":1,"13":0,"14":1,"15":1,"16":1,"17":1,"18":0,"19":0,"20":0,"21":0,"22":0,"23":0,"24":0,"25":0,"26":0,"27":0,"28":0,"29":0,"30":0,"31":0,"32":0,"33":0,"34":0,"35":1,"36":0,"37":0,"38":0,"39":0,"40":0,"41":0,"42":0,"43":1,"44":3,"45":3,"46":3,"47":1,"48":1,"49":2,"50":2,"51":2,"52":1,"53":1,"54":1,"55":0,"56":0,"57":1,"58":0,"59":0,"60":0,"61":0,"62":0,"63":0,"64":0,"65":1},"f":{"0":4,"1":2,"2":2,"3":0,"4":0,"5":3,"6":0},"b":{"0":[0,1],"1":[0,0],"2":[0,0],"3":[0,0],"4":[0,0],"5":[0,0],"6":[0,0],"7":[0,0],"8":[1,2],"9":[1,1],"10":[2,2],"11":[0,0]},"_coverageSchema":"332fd63041d2c1bcb487cc26dd0d5f7d97098a6c","hash":"99824016dbefe902cad667ce8c63efc0d816b0eb"}
,"/Users/mixu/Documents/Ohjelmointi/Javascript/fullstack-osa4/controllers/login.js": {"path":"/Users/mixu/Documents/Ohjelmointi/Javascript/fullstack-osa4/controllers/login.js","statementMap":{"0":{"start":{"line":1,"column":12},"end":{"line":1,"column":35}},"1":{"start":{"line":2,"column":15},"end":{"line":2,"column":32}},"2":{"start":{"line":3,"column":20},"end":{"line":3,"column":47}},"3":{"start":{"line":4,"column":13},"end":{"line":4,"column":38}},"4":{"start":{"line":6,"column":0},"end":{"line":25,"column":3}},"5":{"start":{"line":7,"column":15},"end":{"line":7,"column":23}},"6":{"start":{"line":9,"column":15},"end":{"line":9,"column":60}},"7":{"start":{"line":11,"column":4},"end":{"line":11,"column":78}},"8":{"start":{"line":13,"column":2},"end":{"line":15,"column":3}},"9":{"start":{"line":14,"column":4},"end":{"line":14,"column":73}},"10":{"start":{"line":17,"column":23},"end":{"line":20,"column":3}},"11":{"start":{"line":22,"column":16},"end":{"line":22,"column":58}},"12":{"start":{"line":24,"column":2},"end":{"line":24,"column":74}},"13":{"start":{"line":27,"column":0},"end":{"line":27,"column":29}}},"fnMap":{"0":{"name":"(anonymous_0)","decl":{"start":{"line":6,"column":22},"end":{"line":6,"column":23}},"loc":{"start":{"line":6,"column":42},"end":{"line":25,"column":1}},"line":6}},"branchMap":{"0":{"loc":{"start":{"line":11,"column":4},"end":{"line":11,"column":78}},"type":"cond-expr","locations":[{"start":{"line":11,"column":20},"end":{"line":11,"column":25}},{"start":{"line":11,"column":28},"end":{"line":11,"column":78}}],"line":11},"1":{"loc":{"start":{"line":13,"column":2},"end":{"line":15,"column":3}},"type":"if","locations":[{"start":{"line":13,"column":2},"end":{"line":15,"column":3}},{"start":{"line":13,"column":2},"end":{"line":15,"column":3}}],"line":13},"2":{"loc":{"start":{"line":13,"column":8},"end":{"line":13,"column":31}},"type":"binary-expr","locations":[{"start":{"line":13,"column":8},"end":{"line":13,"column":12}},{"start":{"line":13,"column":16},"end":{"line":13,"column":31}}],"line":13}},"s":{"0":1,"1":1,"2":1,"3":1,"4":1,"5":2,"6":2,"7":2,"8":2,"9":0,"10":2,"11":2,"12":2,"13":1},"f":{"0":2},"b":{"0":[0,2],"1":[0,2],"2":[2,2]},"_coverageSchema":"332fd63041d2c1bcb487cc26dd0d5f7d97098a6c","hash":"3d8355e7216417c20a20dfeb93d0fcd753ca9e8f"}
,"/Users/mixu/Documents/Ohjelmointi/Javascript/fullstack-osa4/controllers/users.js": {"path":"/Users/mixu/Documents/Ohjelmointi/Javascript/fullstack-osa4/controllers/users.js","statementMap":{"0":{"start":{"line":1,"column":15},"end":{"line":1,"column":32}},"1":{"start":{"line":2,"column":20},"end":{"line":2,"column":47}},"2":{"start":{"line":3,"column":13},"end":{"line":3,"column":38}},"3":{"start":{"line":5,"column":19},"end":{"line":13,"column":1}},"4":{"start":{"line":6,"column":2},"end":{"line":12,"column":4}},"5":{"start":{"line":15,"column":0},"end":{"line":24,"column":3}},"6":{"start":{"line":16,"column":16},"end":{"line":22,"column":4}},"7":{"start":{"line":23,"column":2},"end":{"line":23,"column":34}},"8":{"start":{"line":26,"column":0},"end":{"line":38,"column":3}},"9":{"start":{"line":27,"column":2},"end":{"line":37,"column":3}},"10":{"start":{"line":28,"column":17},"end":{"line":28,"column":51}},"11":{"start":{"line":29,"column":4},"end":{"line":33,"column":5}},"12":{"start":{"line":30,"column":6},"end":{"line":30,"column":33}},"13":{"start":{"line":32,"column":6},"end":{"line":32,"column":28}},"14":{"start":{"line":35,"column":4},"end":{"line":35,"column":27}},"15":{"start":{"line":36,"column":4},"end":{"line":36,"column":53}},"16":{"start":{"line":40,"column":0},"end":{"line":73,"column":3}},"17":{"start":{"line":41,"column":2},"end":{"line":72,"column":3}},"18":{"start":{"line":42,"column":17},"end":{"line":42,"column":25}},"19":{"start":{"line":44,"column":4},"end":{"line":48,"column":5}},"20":{"start":{"line":45,"column":6},"end":{"line":47,"column":80}},"21":{"start":{"line":50,"column":25},"end":{"line":50,"column":67}},"22":{"start":{"line":52,"column":4},"end":{"line":54,"column":5}},"23":{"start":{"line":53,"column":6},"end":{"line":53,"column":70}},"24":{"start":{"line":56,"column":23},"end":{"line":56,"column":25}},"25":{"start":{"line":57,"column":25},"end":{"line":57,"column":69}},"26":{"start":{"line":59,"column":17},"end":{"line":64,"column":6}},"27":{"start":{"line":66,"column":22},"end":{"line":66,"column":39}},"28":{"start":{"line":68,"column":4},"end":{"line":68,"column":36}},"29":{"start":{"line":70,"column":4},"end":{"line":70,"column":27}},"30":{"start":{"line":71,"column":4},"end":{"line":71,"column":61}},"31":{"start":{"line":75,"column":0},"end":{"line":75,"column":29}}},"fnMap":{"0":{"name":"(anonymous_0)","decl":{"start":{"line":5,"column":19},"end":{"line":5,"column":20}},"loc":{"start":{"line":5,"column":29},"end":{"line":13,"column":1}},"line":5},"1":{"name":"(anonymous_1)","decl":{"start":{"line":15,"column":21},"end":{"line":15,"column":22}},"loc":{"start":{"line":15,"column":41},"end":{"line":24,"column":1}},"line":15},"2":{"name":"(anonymous_2)","decl":{"start":{"line":26,"column":24},"end":{"line":26,"column":25}},"loc":{"start":{"line":26,"column":44},"end":{"line":38,"column":1}},"line":26},"3":{"name":"(anonymous_3)","decl":{"start":{"line":40,"column":22},"end":{"line":40,"column":23}},"loc":{"start":{"line":40,"column":42},"end":{"line":73,"column":1}},"line":40}},"branchMap":{"0":{"loc":{"start":{"line":29,"column":4},"end":{"line":33,"column":5}},"type":"if","locations":[{"start":{"line":29,"column":4},"end":{"line":33,"column":5}},{"start":{"line":29,"column":4},"end":{"line":33,"column":5}}],"line":29},"1":{"loc":{"start":{"line":44,"column":4},"end":{"line":48,"column":5}},"type":"if","locations":[{"start":{"line":44,"column":4},"end":{"line":48,"column":5}},{"start":{"line":44,"column":4},"end":{"line":48,"column":5}}],"line":44},"2":{"loc":{"start":{"line":44,"column":8},"end":{"line":44,"column":60}},"type":"binary-expr","locations":[{"start":{"line":44,"column":8},"end":{"line":44,"column":32}},{"start":{"line":44,"column":36},"end":{"line":44,"column":60}}],"line":44},"3":{"loc":{"start":{"line":52,"column":4},"end":{"line":54,"column":5}},"type":"if","locations":[{"start":{"line":52,"column":4},"end":{"line":54,"column":5}},{"start":{"line":52,"column":4},"end":{"line":54,"column":5}}],"line":52},"4":{"loc":{"start":{"line":63,"column":13},"end":{"line":63,"column":31}},"type":"binary-expr","locations":[{"start":{"line":63,"column":13},"end":{"line":63,"column":23}},{"start":{"line":63,"column":27},"end":{"line":63,"column":31}}],"line":63}},"s":{"0":1,"1":1,"2":1,"3":1,"4":0,"5":1,"6":0,"7":0,"8":1,"9":0,"10":0,"11":0,"12":0,"13":0,"14":0,"15":0,"16":1,"17":7,"18":7,"19":7,"20":2,"21":5,"22":5,"23":5,"24":0,"25":0,"26":0,"27":0,"28":0,"29":0,"30":0,"31":1},"f":{"0":0,"1":0,"2":0,"3":7},"b":{"0":[0,0],"1":[2,5],"2":[7,5],"3":[5,0],"4":[0,0]},"_coverageSchema":"332fd63041d2c1bcb487cc26dd0d5f7d97098a6c","hash":"d87a11efcd425c9c247b5202c3d68727ed17e15b"}
,"/Users/mixu/Documents/Ohjelmointi/Javascript/fullstack-osa4/models/blog.js": {"path":"/Users/mixu/Documents/Ohjelmointi/Javascript/fullstack-osa4/models/blog.js","statementMap":{"0":{"start":{"line":1,"column":17},"end":{"line":1,"column":36}},"1":{"start":{"line":3,"column":13},"end":{"line":10,"column":2}},"2":{"start":{"line":12,"column":0},"end":{"line":12,"column":22}}},"fnMap":{},"branchMap":{},"s":{"0":1,"1":1,"2":1},"f":{},"b":{},"_coverageSchema":"332fd63041d2c1bcb487cc26dd0d5f7d97098a6c","hash":"2d61b3e90328e2b60ef785a33a6908b268c96f51"}
,"/Users/mixu/Documents/Ohjelmointi/Javascript/fullstack-osa4/models/user.js": {"path":"/Users/mixu/Documents/Ohjelmointi/Javascript/fullstack-osa4/models/user.js","statementMap":{"0":{"start":{"line":1,"column":17},"end":{"line":1,"column":36}},"1":{"start":{"line":3,"column":13},"end":{"line":9,"column":2}},"2":{"start":{"line":11,"column":0},"end":{"line":11,"column":22}}},"fnMap":{},"branchMap":{},"s":{"0":1,"1":1,"2":1},"f":{},"b":{},"_coverageSchema":"332fd63041d2c1bcb487cc26dd0d5f7d97098a6c","hash":"c9d68d65c85be02ef5f63f391e08b5998dd9e905"}
,"/Users/mixu/Documents/Ohjelmointi/Javascript/fullstack-osa4/test/test_helper.js": {"path":"/Users/mixu/Documents/Ohjelmointi/Javascript/fullstack-osa4/test/test_helper.js","statementMap":{"0":{"start":{"line":1,"column":13},"end":{"line":1,"column":38}},"1":{"start":{"line":2,"column":13},"end":{"line":2,"column":38}},"2":{"start":{"line":4,"column":21},"end":{"line":31,"column":1}},"3":{"start":{"line":33,"column":22},"end":{"line":39,"column":1}},"4":{"start":{"line":34,"column":15},"end":{"line":34,"column":25}},"5":{"start":{"line":35,"column":2},"end":{"line":35,"column":20}},"6":{"start":{"line":36,"column":2},"end":{"line":36,"column":22}},"7":{"start":{"line":38,"column":2},"end":{"line":38,"column":29}},"8":{"start":{"line":41,"column":18},"end":{"line":44,"column":1}},"9":{"start":{"line":42,"column":16},"end":{"line":42,"column":35}},"10":{"start":{"line":43,"column":2},"end":{"line":43,"column":15}},"11":{"start":{"line":46,"column":18},"end":{"line":49,"column":1}},"12":{"start":{"line":47,"column":16},"end":{"line":47,"column":35}},"13":{"start":{"line":48,"column":2},"end":{"line":48,"column":15}},"14":{"start":{"line":51,"column":0},"end":{"line":56,"column":2}}},"fnMap":{"0":{"name":"(anonymous_0)","decl":{"start":{"line":33,"column":22},"end":{"line":33,"column":23}},"loc":{"start":{"line":33,"column":34},"end":{"line":39,"column":1}},"line":33},"1":{"name":"(anonymous_1)","decl":{"start":{"line":41,"column":18},"end":{"line":41,"column":19}},"loc":{"start":{"line":41,"column":30},"end":{"line":44,"column":1}},"line":41},"2":{"name":"(anonymous_2)","decl":{"start":{"line":46,"column":18},"end":{"line":46,"column":19}},"loc":{"start":{"line":46,"column":30},"end":{"line":49,"column":1}},"line":46}},"branchMap":{},"s":{"0":1,"1":1,"2":1,"3":1,"4":0,"5":0,"6":0,"7":0,"8":1,"9":10,"10":10,"11":1,"12":7,"13":7,"14":1},"f":{"0":0,"1":10,"2":7},"b":{},"_coverageSchema":"332fd63041d2c1bcb487cc26dd0d5f7d97098a6c","hash":"3568f4d369d12dda008ddc2655bddca8fcdf5221"}
,"/Users/mixu/Documents/Ohjelmointi/Javascript/fullstack-osa4/utils/config.js": {"path":"/Users/mixu/Documents/Ohjelmointi/Javascript/fullstack-osa4/utils/config.js","statementMap":{"0":{"start":{"line":1,"column":0},"end":{"line":3,"column":1}},"1":{"start":{"line":2,"column":2},"end":{"line":2,"column":29}},"2":{"start":{"line":4,"column":11},"end":{"line":4,"column":27}},"3":{"start":{"line":5,"column":15},"end":{"line":5,"column":38}},"4":{"start":{"line":7,"column":0},"end":{"line":10,"column":1}},"5":{"start":{"line":8,"column":2},"end":{"line":8,"column":31}},"6":{"start":{"line":9,"column":2},"end":{"line":9,"column":42}},"7":{"start":{"line":12,"column":0},"end":{"line":15,"column":2}}},"fnMap":{},"branchMap":{"0":{"loc":{"start":{"line":1,"column":0},"end":{"line":3,"column":1}},"type":"if","locations":[{"start":{"line":1,"column":0},"end":{"line":3,"column":1}},{"start":{"line":1,"column":0},"end":{"line":3,"column":1}}],"line":1},"1":{"loc":{"start":{"line":7,"column":0},"end":{"line":10,"column":1}},"type":"if","locations":[{"start":{"line":7,"column":0},"end":{"line":10,"column":1}},{"start":{"line":7,"column":0},"end":{"line":10,"column":1}}],"line":7}},"s":{"0":1,"1":1,"2":1,"3":1,"4":1,"5":1,"6":1,"7":1},"f":{},"b":{"0":[1,0],"1":[1,0]},"_coverageSchema":"332fd63041d2c1bcb487cc26dd0d5f7d97098a6c","hash":"b70119d7bbd060e558edde1ed013fac43ebeb940"}
,"/Users/mixu/Documents/Ohjelmointi/Javascript/fullstack-osa4/utils/list_helper.js": {"path":"/Users/mixu/Documents/Ohjelmointi/Javascript/fullstack-osa4/utils/list_helper.js","statementMap":{"0":{"start":{"line":1,"column":14},"end":{"line":3,"column":1}},"1":{"start":{"line":2,"column":2},"end":{"line":2,"column":11}},"2":{"start":{"line":5,"column":19},"end":{"line":9,"column":1}},"3":{"start":{"line":6,"column":2},"end":{"line":8,"column":8}},"4":{"start":{"line":6,"column":29},"end":{"line":6,"column":39}},"5":{"start":{"line":7,"column":4},"end":{"line":7,"column":17}},"6":{"start":{"line":11,"column":22},"end":{"line":26,"column":1}},"7":{"start":{"line":12,"column":20},"end":{"line":14,"column":8}},"8":{"start":{"line":13,"column":4},"end":{"line":13,"column":37}},"9":{"start":{"line":16,"column":2},"end":{"line":23,"column":3}},"10":{"start":{"line":17,"column":20},"end":{"line":21,"column":5}},"11":{"start":{"line":22,"column":4},"end":{"line":22,"column":19}},"12":{"start":{"line":25,"column":2},"end":{"line":25,"column":12}},"13":{"start":{"line":28,"column":18},"end":{"line":56,"column":1}},"14":{"start":{"line":29,"column":23},"end":{"line":29,"column":25}},"15":{"start":{"line":31,"column":2},"end":{"line":52,"column":5}},"16":{"start":{"line":32,"column":24},"end":{"line":34,"column":5}},"17":{"start":{"line":33,"column":20},"end":{"line":33,"column":51}},"18":{"start":{"line":36,"column":4},"end":{"line":51,"column":5}},"19":{"start":{"line":37,"column":25},"end":{"line":40,"column":7}},"20":{"start":{"line":42,"column":6},"end":{"line":44,"column":28}},"21":{"start":{"line":43,"column":34},"end":{"line":43,"column":69}},"22":{"start":{"line":46,"column":27},"end":{"line":49,"column":7}},"23":{"start":{"line":50,"column":6},"end":{"line":50,"column":59}},"24":{"start":{"line":53,"column":2},"end":{"line":55,"column":9}},"25":{"start":{"line":54,"column":4},"end":{"line":54,"column":37}},"26":{"start":{"line":58,"column":18},"end":{"line":86,"column":1}},"27":{"start":{"line":59,"column":23},"end":{"line":59,"column":25}},"28":{"start":{"line":61,"column":2},"end":{"line":82,"column":5}},"29":{"start":{"line":62,"column":24},"end":{"line":64,"column":5}},"30":{"start":{"line":63,"column":20},"end":{"line":63,"column":51}},"31":{"start":{"line":66,"column":4},"end":{"line":81,"column":5}},"32":{"start":{"line":67,"column":23},"end":{"line":70,"column":7}},"33":{"start":{"line":72,"column":6},"end":{"line":74,"column":26}},"34":{"start":{"line":73,"column":34},"end":{"line":73,"column":69}},"35":{"start":{"line":76,"column":27},"end":{"line":79,"column":7}},"36":{"start":{"line":80,"column":6},"end":{"line":80,"column":59}},"37":{"start":{"line":83,"column":2},"end":{"line":85,"column":9}},"38":{"start":{"line":84,"column":4},"end":{"line":84,"column":37}},"39":{"start":{"line":88,"column":0},"end":{"line":94,"column":2}}},"fnMap":{"0":{"name":"(anonymous_0)","decl":{"start":{"line":1,"column":14},"end":{"line":1,"column":15}},"loc":{"start":{"line":1,"column":25},"end":{"line":3,"column":1}},"line":1},"1":{"name":"(anonymous_1)","decl":{"start":{"line":5,"column":19},"end":{"line":5,"column":20}},"loc":{"start":{"line":5,"column":30},"end":{"line":9,"column":1}},"line":5},"2":{"name":"(anonymous_2)","decl":{"start":{"line":6,"column":19},"end":{"line":6,"column":20}},"loc":{"start":{"line":6,"column":29},"end":{"line":6,"column":39}},"line":6},"3":{"name":"(anonymous_3)","decl":{"start":{"line":6,"column":48},"end":{"line":6,"column":49}},"loc":{"start":{"line":6,"column":58},"end":{"line":8,"column":3}},"line":6},"4":{"name":"(anonymous_4)","decl":{"start":{"line":11,"column":22},"end":{"line":11,"column":23}},"loc":{"start":{"line":11,"column":33},"end":{"line":26,"column":1}},"line":11},"5":{"name":"(anonymous_5)","decl":{"start":{"line":12,"column":33},"end":{"line":12,"column":34}},"loc":{"start":{"line":12,"column":43},"end":{"line":14,"column":3}},"line":12},"6":{"name":"(anonymous_6)","decl":{"start":{"line":28,"column":18},"end":{"line":28,"column":19}},"loc":{"start":{"line":28,"column":29},"end":{"line":56,"column":1}},"line":28},"7":{"name":"(anonymous_7)","decl":{"start":{"line":31,"column":16},"end":{"line":31,"column":17}},"loc":{"start":{"line":31,"column":26},"end":{"line":52,"column":3}},"line":31},"8":{"name":"(anonymous_8)","decl":{"start":{"line":33,"column":6},"end":{"line":33,"column":7}},"loc":{"start":{"line":33,"column":20},"end":{"line":33,"column":51}},"line":33},"9":{"name":"(anonymous_9)","decl":{"start":{"line":43,"column":16},"end":{"line":43,"column":17}},"loc":{"start":{"line":43,"column":34},"end":{"line":43,"column":69}},"line":43},"10":{"name":"(anonymous_10)","decl":{"start":{"line":53,"column":31},"end":{"line":53,"column":32}},"loc":{"start":{"line":53,"column":41},"end":{"line":55,"column":3}},"line":53},"11":{"name":"(anonymous_11)","decl":{"start":{"line":58,"column":18},"end":{"line":58,"column":19}},"loc":{"start":{"line":58,"column":29},"end":{"line":86,"column":1}},"line":58},"12":{"name":"(anonymous_12)","decl":{"start":{"line":61,"column":16},"end":{"line":61,"column":17}},"loc":{"start":{"line":61,"column":26},"end":{"line":82,"column":3}},"line":61},"13":{"name":"(anonymous_13)","decl":{"start":{"line":63,"column":6},"end":{"line":63,"column":7}},"loc":{"start":{"line":63,"column":20},"end":{"line":63,"column":51}},"line":63},"14":{"name":"(anonymous_14)","decl":{"start":{"line":73,"column":16},"end":{"line":73,"column":17}},"loc":{"start":{"line":73,"column":34},"end":{"line":73,"column":69}},"line":73},"15":{"name":"(anonymous_15)","decl":{"start":{"line":83,"column":31},"end":{"line":83,"column":32}},"loc":{"start":{"line":83,"column":41},"end":{"line":85,"column":3}},"line":83}},"branchMap":{"0":{"loc":{"start":{"line":13,"column":11},"end":{"line":13,"column":36}},"type":"cond-expr","locations":[{"start":{"line":13,"column":31},"end":{"line":13,"column":32}},{"start":{"line":13,"column":35},"end":{"line":13,"column":36}}],"line":13},"1":{"loc":{"start":{"line":16,"column":2},"end":{"line":23,"column":3}},"type":"if","locations":[{"start":{"line":16,"column":2},"end":{"line":23,"column":3}},{"start":{"line":16,"column":2},"end":{"line":23,"column":3}}],"line":16},"2":{"loc":{"start":{"line":36,"column":4},"end":{"line":51,"column":5}},"type":"if","locations":[{"start":{"line":36,"column":4},"end":{"line":51,"column":5}},{"start":{"line":36,"column":4},"end":{"line":51,"column":5}}],"line":36},"3":{"loc":{"start":{"line":36,"column":8},"end":{"line":36,"column":59}},"type":"binary-expr","locations":[{"start":{"line":36,"column":8},"end":{"line":36,"column":33}},{"start":{"line":36,"column":37},"end":{"line":36,"column":59}}],"line":36},"4":{"loc":{"start":{"line":54,"column":11},"end":{"line":54,"column":36}},"type":"cond-expr","locations":[{"start":{"line":54,"column":31},"end":{"line":54,"column":32}},{"start":{"line":54,"column":35},"end":{"line":54,"column":36}}],"line":54},"5":{"loc":{"start":{"line":66,"column":4},"end":{"line":81,"column":5}},"type":"if","locations":[{"start":{"line":66,"column":4},"end":{"line":81,"column":5}},{"start":{"line":66,"column":4},"end":{"line":81,"column":5}}],"line":66},"6":{"loc":{"start":{"line":66,"column":8},"end":{"line":66,"column":59}},"type":"binary-expr","locations":[{"start":{"line":66,"column":8},"end":{"line":66,"column":33}},{"start":{"line":66,"column":37},"end":{"line":66,"column":59}}],"line":66},"7":{"loc":{"start":{"line":84,"column":11},"end":{"line":84,"column":36}},"type":"cond-expr","locations":[{"start":{"line":84,"column":31},"end":{"line":84,"column":32}},{"start":{"line":84,"column":35},"end":{"line":84,"column":36}}],"line":84}},"s":{"0":5,"1":1,"2":5,"3":3,"4":4,"5":4,"6":5,"7":3,"8":4,"9":3,"10":2,"11":2,"12":1,"13":5,"14":3,"15":3,"16":6,"17":7,"18":6,"19":2,"20":2,"21":4,"22":4,"23":4,"24":3,"25":4,"26":5,"27":3,"28":3,"29":6,"30":7,"31":6,"32":2,"33":2,"34":4,"35":4,"36":4,"37":3,"38":4,"39":5},"f":{"0":1,"1":3,"2":4,"3":4,"4":3,"5":4,"6":3,"7":6,"8":7,"9":4,"10":4,"11":3,"12":6,"13":7,"14":4,"15":4},"b":{"0":[1,3],"1":[2,1],"2":[2,4],"3":[6,4],"4":[1,3],"5":[2,4],"6":[6,4],"7":[1,3]},"_coverageSchema":"332fd63041d2c1bcb487cc26dd0d5f7d97098a6c","hash":"4130b4011bdd6d01a02b4930daa52cc9bec66a34"}
,"/Users/mixu/Documents/Ohjelmointi/Javascript/fullstack-osa4/utils/middleware.js": {"path":"/Users/mixu/Documents/Ohjelmointi/Javascript/fullstack-osa4/utils/middleware.js","statementMap":{"0":{"start":{"line":1,"column":23},"end":{"line":7,"column":1}},"1":{"start":{"line":2,"column":24},"end":{"line":2,"column":52}},"2":{"start":{"line":3,"column":2},"end":{"line":5,"column":3}},"3":{"start":{"line":4,"column":4},"end":{"line":4,"column":47}},"4":{"start":{"line":6,"column":2},"end":{"line":6,"column":9}},"5":{"start":{"line":9,"column":0},"end":{"line":9,"column":32}}},"fnMap":{"0":{"name":"(anonymous_0)","decl":{"start":{"line":1,"column":23},"end":{"line":1,"column":24}},"loc":{"start":{"line":1,"column":52},"end":{"line":7,"column":1}},"line":1}},"branchMap":{"0":{"loc":{"start":{"line":3,"column":2},"end":{"line":5,"column":3}},"type":"if","locations":[{"start":{"line":3,"column":2},"end":{"line":5,"column":3}},{"start":{"line":3,"column":2},"end":{"line":5,"column":3}}],"line":3},"1":{"loc":{"start":{"line":3,"column":6},"end":{"line":3,"column":71}},"type":"binary-expr","locations":[{"start":{"line":3,"column":6},"end":{"line":3,"column":19}},{"start":{"line":3,"column":23},"end":{"line":3,"column":71}}],"line":3}},"s":{"0":1,"1":16,"2":16,"3":2,"4":16,"5":1},"f":{"0":16},"b":{"0":[2,14],"1":[16,2]},"_coverageSchema":"332fd63041d2c1bcb487cc26dd0d5f7d97098a6c","hash":"91ff176f6419034cfd35181b1e92584a26d5fabc"}
}
