TN:
SF:/Users/mixu/Documents/Ohjelmointi/Javascript/fullstack-osa4/index.js
FN:33,(anonymous_0)
FN:37,(anonymous_1)
FNF:2
FNH:2
FNDA:1,(anonymous_0)
FNDA:1,(anonymous_1)
DA:1,1
DA:2,1
DA:3,1
DA:4,1
DA:5,1
DA:6,1
DA:7,1
DA:8,1
DA:9,1
DA:11,1
DA:12,1
DA:14,1
DA:16,1
DA:17,1
DA:19,1
DA:21,1
DA:22,1
DA:24,1
DA:25,1
DA:27,1
DA:28,1
DA:30,1
DA:31,1
DA:33,1
DA:34,1
DA:37,1
DA:38,1
DA:41,1
LF:28
LH:28
BRF:0
BRH:0
end_of_record
TN:
SF:/Users/mixu/Documents/Ohjelmointi/Javascript/fullstack-osa4/controllers/blogs.js
FN:6,(anonymous_0)
FN:18,(anonymous_1)
FN:27,(anonymous_2)
FN:41,(anonymous_3)
FN:81,(anonymous_4)
FN:109,(anonymous_5)
FN:135,(anonymous_6)
FNF:7
FNH:4
FNDA:4,(anonymous_0)
FNDA:2,(anonymous_1)
FNDA:2,(anonymous_2)
FNDA:0,(anonymous_3)
FNDA:0,(anonymous_4)
FNDA:3,(anonymous_5)
FNDA:0,(anonymous_6)
DA:1,1
DA:2,1
DA:3,1
DA:4,1
DA:6,1
DA:7,4
DA:18,1
DA:19,2
DA:24,2
DA:27,1
DA:28,2
DA:29,2
DA:30,1
DA:31,0
DA:33,1
DA:36,1
DA:37,1
DA:41,1
DA:42,0
DA:43,0
DA:44,0
DA:46,0
DA:47,0
DA:50,0
DA:51,0
DA:54,0
DA:56,0
DA:65,0
DA:67,0
DA:68,0
DA:70,0
DA:72,0
DA:73,0
DA:75,0
DA:76,0
DA:81,1
DA:82,0
DA:83,0
DA:85,0
DA:94,0
DA:102,0
DA:104,0
DA:105,0
DA:109,1
DA:110,3
DA:111,3
DA:113,3
DA:114,1
DA:115,1
DA:118,2
DA:119,2
DA:121,2
DA:122,1
DA:127,1
DA:128,1
DA:130,0
DA:131,0
DA:135,1
DA:136,0
DA:137,0
DA:139,0
DA:147,0
DA:155,0
DA:157,0
DA:158,0
DA:162,1
LF:66
LH:32
BRDA:30,0,0,0
BRDA:30,0,1,1
BRDA:46,1,0,0
BRDA:46,1,1,0
BRDA:46,2,0,0
BRDA:46,2,1,0
BRDA:50,3,0,0
BRDA:50,3,1,0
BRDA:50,4,0,0
BRDA:50,4,1,0
BRDA:61,5,0,0
BRDA:61,5,1,0
BRDA:72,6,0,0
BRDA:72,6,1,0
BRDA:90,7,0,0
BRDA:90,7,1,0
BRDA:113,8,0,1
BRDA:113,8,1,2
BRDA:121,9,0,1
BRDA:121,9,1,1
BRDA:121,10,0,2
BRDA:121,10,1,2
BRDA:144,11,0,0
BRDA:144,11,1,0
BRF:24
BRH:7
end_of_record
TN:
SF:/Users/mixu/Documents/Ohjelmointi/Javascript/fullstack-osa4/controllers/login.js
FN:6,(anonymous_0)
FNF:1
FNH:1
FNDA:2,(anonymous_0)
DA:1,1
DA:2,1
DA:3,1
DA:4,1
DA:6,1
DA:7,2
DA:9,2
DA:11,2
DA:13,2
DA:14,0
DA:17,2
DA:22,2
DA:24,2
DA:27,1
LF:14
LH:13
BRDA:11,0,0,0
BRDA:11,0,1,2
BRDA:13,1,0,0
BRDA:13,1,1,2
BRDA:13,2,0,2
BRDA:13,2,1,2
BRF:6
BRH:4
end_of_record
TN:
SF:/Users/mixu/Documents/Ohjelmointi/Javascript/fullstack-osa4/controllers/users.js
FN:5,(anonymous_0)
FN:15,(anonymous_1)
FN:26,(anonymous_2)
FN:40,(anonymous_3)
FNF:4
FNH:1
FNDA:0,(anonymous_0)
FNDA:0,(anonymous_1)
FNDA:0,(anonymous_2)
FNDA:7,(anonymous_3)
DA:1,1
DA:2,1
DA:3,1
DA:5,1
DA:6,0
DA:15,1
DA:16,0
DA:23,0
DA:26,1
DA:27,0
DA:28,0
DA:29,0
DA:30,0
DA:32,0
DA:35,0
DA:36,0
DA:40,1
DA:41,7
DA:42,7
DA:44,7
DA:45,2
DA:50,5
DA:52,5
DA:53,5
DA:56,0
DA:57,0
DA:59,0
DA:66,0
DA:68,0
DA:70,0
DA:71,0
DA:75,1
LF:32
LH:15
BRDA:29,0,0,0
BRDA:29,0,1,0
BRDA:44,1,0,2
BRDA:44,1,1,5
BRDA:44,2,0,7
BRDA:44,2,1,5
BRDA:52,3,0,5
BRDA:52,3,1,0
BRDA:63,4,0,0
BRDA:63,4,1,0
BRF:10
BRH:5
end_of_record
TN:
SF:/Users/mixu/Documents/Ohjelmointi/Javascript/fullstack-osa4/models/blog.js
FNF:0
FNH:0
DA:1,1
DA:3,1
DA:12,1
LF:3
LH:3
BRF:0
BRH:0
end_of_record
TN:
SF:/Users/mixu/Documents/Ohjelmointi/Javascript/fullstack-osa4/models/user.js
FNF:0
FNH:0
DA:1,1
DA:3,1
DA:11,1
LF:3
LH:3
BRF:0
BRH:0
end_of_record
TN:
SF:/Users/mixu/Documents/Ohjelmointi/Javascript/fullstack-osa4/test/test_helper.js
FN:33,(anonymous_0)
FN:41,(anonymous_1)
FN:46,(anonymous_2)
FNF:3
FNH:2
FNDA:0,(anonymous_0)
FNDA:10,(anonymous_1)
FNDA:7,(anonymous_2)
DA:1,1
DA:2,1
DA:4,1
DA:33,1
DA:34,0
DA:35,0
DA:36,0
DA:38,0
DA:41,1
DA:42,10
DA:43,10
DA:46,1
DA:47,7
DA:48,7
DA:51,1
LF:15
LH:11
BRF:0
BRH:0
end_of_record
TN:
SF:/Users/mixu/Documents/Ohjelmointi/Javascript/fullstack-osa4/utils/config.js
FNF:0
FNH:0
DA:1,1
DA:2,1
DA:4,1
DA:5,1
DA:7,1
DA:8,1
DA:9,1
DA:12,1
LF:8
LH:8
BRDA:1,0,0,1
BRDA:1,0,1,0
BRDA:7,1,0,1
BRDA:7,1,1,0
BRF:4
BRH:2
end_of_record
TN:
SF:/Users/mixu/Documents/Ohjelmointi/Javascript/fullstack-osa4/utils/list_helper.js
FN:1,(anonymous_0)
FN:5,(anonymous_1)
FN:6,(anonymous_2)
FN:6,(anonymous_3)
FN:11,(anonymous_4)
FN:12,(anonymous_5)
FN:28,(anonymous_6)
FN:31,(anonymous_7)
FN:33,(anonymous_8)
FN:43,(anonymous_9)
FN:53,(anonymous_10)
FN:58,(anonymous_11)
FN:61,(anonymous_12)
FN:63,(anonymous_13)
FN:73,(anonymous_14)
FN:83,(anonymous_15)
FNF:16
FNH:16
FNDA:1,(anonymous_0)
FNDA:3,(anonymous_1)
FNDA:4,(anonymous_2)
FNDA:4,(anonymous_3)
FNDA:3,(anonymous_4)
FNDA:4,(anonymous_5)
FNDA:3,(anonymous_6)
FNDA:6,(anonymous_7)
FNDA:7,(anonymous_8)
FNDA:4,(anonymous_9)
FNDA:4,(anonymous_10)
FNDA:3,(anonymous_11)
FNDA:6,(anonymous_12)
FNDA:7,(anonymous_13)
FNDA:4,(anonymous_14)
FNDA:4,(anonymous_15)
DA:1,5
DA:2,1
DA:5,5
DA:6,4
DA:7,4
DA:11,5
DA:12,3
DA:13,4
DA:16,3
DA:17,2
DA:22,2
DA:25,1
DA:28,5
DA:29,3
DA:31,3
DA:32,6
DA:33,7
DA:36,6
DA:37,2
DA:42,2
DA:43,4
DA:46,4
DA:50,4
DA:53,3
DA:54,4
DA:58,5
DA:59,3
DA:61,3
DA:62,6
DA:63,7
DA:66,6
DA:67,2
DA:72,2
DA:73,4
DA:76,4
DA:80,4
DA:83,3
DA:84,4
DA:88,5
LF:39
LH:39
BRDA:13,0,0,1
BRDA:13,0,1,3
BRDA:16,1,0,2
BRDA:16,1,1,1
BRDA:36,2,0,2
BRDA:36,2,1,4
BRDA:36,3,0,6
BRDA:36,3,1,4
BRDA:54,4,0,1
BRDA:54,4,1,3
BRDA:66,5,0,2
BRDA:66,5,1,4
BRDA:66,6,0,6
BRDA:66,6,1,4
BRDA:84,7,0,1
BRDA:84,7,1,3
BRF:16
BRH:16
end_of_record
TN:
SF:/Users/mixu/Documents/Ohjelmointi/Javascript/fullstack-osa4/utils/middleware.js
FN:1,(anonymous_0)
FNF:1
FNH:1
FNDA:16,(anonymous_0)
DA:1,1
DA:2,16
DA:3,16
DA:4,2
DA:6,16
DA:9,1
LF:6
LH:6
BRDA:3,0,0,2
BRDA:3,0,1,14
BRDA:3,1,0,16
BRDA:3,1,1,2
BRF:4
BRH:4
end_of_record
